# JRE version: OpenJDK Runtime Environment (8.0_242-b01) (build 1.8.0_242-release-1644-b01)
# Java VM: OpenJDK 64-Bit Server VM (25.242-b01 mixed mode windows-amd64 compressed oops)
Heap:
 PSYoungGen      total 303104K, used 275963K [0x00000000d5580000, 0x00000000e9800000, 0x0000000100000000)
  eden space 275968K, 99% used [0x00000000d5580000,0x00000000e62fecf0,0x00000000e6300000)
  from space 27136K, 0% used [0x00000000e6300000,0x00000000e6300000,0x00000000e7d80000)
  to   space 26624K, 29% used [0x00000000e7e00000,0x00000000e85bd718,0x00000000e9800000)
 ParOldGen       total 1398272K, used 1333524K [0x0000000080000000, 0x00000000d5580000, 0x00000000d5580000)
  object space 1398272K, 95% used [0x0000000080000000,0x00000000d1645160,0x00000000d5580000)
 Metaspace       used 119255K, capacity 127716K, committed 129996K, reserved 1163264K
  class space    used 15210K, capacity 16653K, committed 17152K, reserved 1048576K
GC Heap History (10 events):
Event: 8166.755 GC heap after
Heap after GC invocations=68 (full 4):
 PSYoungGen      total 303104K, used 5690K [0x00000000d5580000, 0x00000000e9800000, 0x0000000100000000)
  eden space 275968K, 0% used [0x00000000d5580000,0x00000000d5580000,0x00000000e6300000)
  from space 27136K, 20% used [0x00000000e7d80000,0x00000000e830eab0,0x00000000e9800000)
  to   space 27136K, 0% used [0x00000000e6300000,0x00000000e6300000,0x00000000e7d80000)
 ParOldGen       total 210432K, used 105583K [0x0000000080000000, 0x000000008cd80000, 0x00000000d5580000)
  object space 210432K, 50% used [0x0000000080000000,0x000000008671bd88,0x000000008cd80000)
 Metaspace       used 118195K, capacity 127742K, committed 128076K, reserved 1161216K
  class space    used 15242K, capacity 16899K, committed 17024K, reserved 1048576K
}
Event: 8317.068 GC heap before
{Heap before GC invocations=69 (full 4):
 PSYoungGen      total 303104K, used 280426K [0x00000000d5580000, 0x00000000e9800000, 0x0000000100000000)
  eden space 275968K, 99% used [0x00000000d5580000,0x00000000e61cc0e8,0x00000000e6300000)
  from space 27136K, 20% used [0x00000000e7d80000,0x00000000e830eab0,0x00000000e9800000)
  to   space 27136K, 0% used [0x00000000e6300000,0x00000000e6300000,0x00000000e7d80000)
 ParOldGen       total 918528K, used 813284K [0x0000000080000000, 0x00000000b8100000, 0x00000000d5580000)
  object space 918528K, 88% used [0x0000000080000000,0x00000000b1a393d8,0x00000000b8100000)
 Metaspace       used 118547K, capacity 128076K, committed 128332K, reserved 1161216K
  class space    used 15272K, capacity 16900K, committed 17024K, reserved 1048576K
Event: 8317.130 GC heap after
Heap after GC invocations=69 (full 4):
 PSYoungGen      total 303104K, used 13360K [0x00000000d5580000, 0x00000000e9800000, 0x0000000100000000)
  eden space 275968K, 0% used [0x00000000d5580000,0x00000000d5580000,0x00000000e6300000)
  from space 27136K, 49% used [0x00000000e6300000,0x00000000e700c060,0x00000000e7d80000)
  to   space 26624K, 0% used [0x00000000e7e00000,0x00000000e7e00000,0x00000000e9800000)
 ParOldGen       total 918528K, used 857556K [0x0000000080000000, 0x00000000b8100000, 0x00000000d5580000)
  object space 918528K, 93% used [0x0000000080000000,0x00000000b4575150,0x00000000b8100000)
 Metaspace       used 118547K, capacity 128076K, committed 128332K, reserved 1161216K
  class space    used 15272K, capacity 16900K, committed 17024K, reserved 1048576K
}
Event: 8317.578 GC heap before
{Heap before GC invocations=70 (full 4):
 PSYoungGen      total 303104K, used 141488K [0x00000000d5580000, 0x00000000e9800000, 0x0000000100000000)
  eden space 275968K, 46% used [0x00000000d5580000,0x00000000dd2a0388,0x00000000e6300000)
  from space 27136K, 49% used [0x00000000e6300000,0x00000000e700c060,0x00000000e7d80000)
  to   space 26624K, 0% used [0x00000000e7e00000,0x00000000e7e00000,0x00000000e9800000)
 ParOldGen       total 1398272K, used 1255638K [0x0000000080000000, 0x00000000d5580000, 0x00000000d5580000)
  object space 1398272K, 89% used [0x0000000080000000,0x00000000cca359e8,0x00000000d5580000)
 Metaspace       used 118572K, capacity 128140K, committed 128332K, reserved 1161216K
  class space    used 15274K, capacity 16900K, committed 17024K, reserved 1048576K
Event: 8319.023 GC heap after
Heap after GC invocations=70 (full 4):
 PSYoungGen      total 303104K, used 141488K [0x00000000d5580000, 0x00000000e9800000, 0x0000000100000000)
  eden space 275968K, 46% used [0x00000000d5580000,0x00000000dd2a0388,0x00000000e6300000)
  from space 27136K, 49% used [0x00000000e6300000,0x00000000e700c060,0x00000000e7d80000)
  to   space 26624K, 48% used [0x00000000e7e00000,0x00000000e8ab4060,0x00000000e9800000)
 ParOldGen       total 1398272K, used 1380103K [0x0000000080000000, 0x00000000d5580000, 0x00000000d5580000)
  object space 1398272K, 98% used [0x0000000080000000,0x00000000d43c1f48,0x00000000d5580000)
 Metaspace       used 118572K, capacity 128140K, committed 128332K, reserved 1161216K
  class space    used 15274K, capacity 16900K, committed 17024K, reserved 1048576K
}
Event: 8319.023 GC heap before
{Heap before GC invocations=71 (full 5):
 PSYoungGen      total 303104K, used 141488K [0x00000000d5580000, 0x00000000e9800000, 0x0000000100000000)
  eden space 275968K, 46% used [0x00000000d5580000,0x00000000dd2a0388,0x00000000e6300000)
  from space 27136K, 49% used [0x00000000e6300000,0x00000000e700c060,0x00000000e7d80000)
  to   space 26624K, 48% used [0x00000000e7e00000,0x00000000e8ab4060,0x00000000e9800000)
 ParOldGen       total 1398272K, used 1380103K [0x0000000080000000, 0x00000000d5580000, 0x00000000d5580000)
  object space 1398272K, 98% used [0x0000000080000000,0x00000000d43c1f48,0x00000000d5580000)
 Metaspace       used 118572K, capacity 128140K, committed 128332K, reserved 1161216K
  class space    used 15274K, capacity 16900K, committed 17024K, reserved 1048576K
Event: 8322.748 GC heap after
Heap after GC invocations=71 (full 5):
 PSYoungGen      total 303104K, used 0K [0x00000000d5580000, 0x00000000e9800000, 0x0000000100000000)
  eden space 275968K, 0% used [0x00000000d5580000,0x00000000d5580000,0x00000000e6300000)
  from space 27136K, 0% used [0x00000000e6300000,0x00000000e6300000,0x00000000e7d80000)
  to   space 26624K, 0% used [0x00000000e7e00000,0x00000000e7e00000,0x00000000e9800000)
 ParOldGen       total 1398272K, used 1333496K [0x0000000080000000, 0x00000000d5580000, 0x00000000d5580000)
  object space 1398272K, 95% used [0x0000000080000000,0x00000000d163e270,0x00000000d5580000)
 Metaspace       used 117426K, capacity 125886K, committed 128332K, reserved 1161216K
  class space    used 15009K, capacity 16426K, committed 17024K, reserved 1048576K
}
Event: 8325.555 GC heap before
{Heap before GC invocations=72 (full 5):
 PSYoungGen      total 303104K, used 275963K [0x00000000d5580000, 0x00000000e9800000, 0x0000000100000000)
  eden space 275968K, 99% used [0x00000000d5580000,0x00000000e62fecf0,0x00000000e6300000)
  from space 27136K, 0% used [0x00000000e6300000,0x00000000e6300000,0x00000000e7d80000)
  to   space 26624K, 0% used [0x00000000e7e00000,0x00000000e7e00000,0x00000000e9800000)
 ParOldGen       total 1398272K, used 1333516K [0x0000000080000000, 0x00000000d5580000, 0x00000000d5580000)
  object space 1398272K, 95% used [0x0000000080000000,0x00000000d1643160,0x00000000d5580000)
 Metaspace       used 119255K, capacity 127716K, committed 129996K, reserved 1163264K
  class space    used 15210K, capacity 16653K, committed 17152K, reserved 1048576K
Event: 8325.581 GC heap after
Heap after GC invocations=72 (full 5):
 PSYoungGen      total 303104K, used 275963K [0x00000000d5580000, 0x00000000e9800000, 0x0000000100000000)
  eden space 275968K, 99% used [0x00000000d5580000,0x00000000e62fecf0,0x00000000e6300000)
  from space 27136K, 0% used [0x00000000e6300000,0x00000000e6300000,0x00000000e7d80000)
  to   space 26624K, 29% used [0x00000000e7e00000,0x00000000e85bd718,0x00000000e9800000)
 ParOldGen       total 1398272K, used 1333524K [0x0000000080000000, 0x00000000d5580000, 0x00000000d5580000)
  object space 1398272K, 95% used [0x0000000080000000,0x00000000d1645160,0x00000000d5580000)
 Metaspace       used 119255K, capacity 127716K, committed 129996K, reserved 1163264K
  class space    used 15210K, capacity 16653K, committed 17152K, reserved 1048576K
}
Event: 8325.581 GC heap before
{Heap before GC invocations=73 (full 6):
 PSYoungGen      total 303104K, used 275963K [0x00000000d5580000, 0x00000000e9800000, 0x0000000100000000)
  eden space 275968K, 99% used [0x00000000d5580000,0x00000000e62fecf0,0x00000000e6300000)
  from space 27136K, 0% used [0x00000000e6300000,0x00000000e6300000,0x00000000e7d80000)
  to   space 26624K, 29% used [0x00000000e7e00000,0x00000000e85bd718,0x00000000e9800000)
 ParOldGen       total 1398272K, used 1333524K [0x0000000080000000, 0x00000000d5580000, 0x00000000d5580000)
  object space 1398272K, 95% used [0x0000000080000000,0x00000000d1645160,0x00000000d5580000)
 Metaspace       used 119255K, capacity 127716K, committed 129996K, reserved 1163264K
  class space    used 15210K, capacity 16653K, committed 17152K, reserved 1048576K

